0 info it worked if it ends with ok
1 verbose cli [ '/usr/bin/node', '/usr/bin/npm', 'start' ]
2 info using npm@3.5.2
3 info using node@v8.10.0
4 verbose run-script [ 'prestart', 'start', 'poststart' ]
5 info lifecycle @~prestart: @
6 silly lifecycle @~prestart: no script for prestart, continuing
7 info lifecycle @~start: @
8 verbose lifecycle @~start: unsafe-perm in lifecycle true
9 verbose lifecycle @~start: PATH: /usr/share/npm/bin/node-gyp-bin:/mnt/d/HealthIT/DSL/V2/template/node_modules/.bin:/home/bett/.local/share/umake/bin:/usr/local/sbin:/usr/local/bin:/usr/sbin:/usr/bin:/sbin:/bin:/usr/games:/usr/local/games:/mnt/c/Python37-32/Scripts:/mnt/c/Python37-32:/mnt/c/Windows/System32:/mnt/c/Windows:/mnt/c/Windows/System32/wbem:/mnt/c/Windows/System32/WindowsPowerShell/v1.0:/mnt/c/Windows/System32/OpenSSH:/mnt/c/Program Files/PuTTY:/mnt/c/Program Files/Git/cmd:/mnt/c/Program Files/dotnet:/mnt/c/Program Files/Apache/maven/bin:/mnt/c/Program Files/Java/jdk1.8.0_181/bin:/mnt/c/xampp/php:/mnt/c/ProgramData/ComposerSetup/bin:/mnt/c/Users/ADMIN/AppData/Local/Microsoft/WindowsApps:/mnt/c/Users/ADMIN/AppData/Local/Programs/Microsoft VS Code/bin:/mnt/c/Users/ADMIN/AppData/Roaming/npm:/mnt/c/Users/ADMIN/AppData/Roaming/Composer/vendor/bin:/mnt/c/adb:/mnt/c/Users/ADMIN/AppData/Local/Programs/Python/Python37/Scripts:/mnt/c/Program Files/libwebp/bin:/mnt/c/ProgramData/chocolatey/bin:/mnt/c/Program Files/nodejs:/mnt/c/Go/bin:/mnt/c/HashiCorp/Vagrant/bin:/mnt/c/opscode/chefdk/bin:/mnt/c/flutter/flutter/bin:/mnt/c/Program Files (x86)/Notepad++
10 verbose lifecycle @~start: CWD: /mnt/d/HealthIT/DSL/V2/template
11 silly lifecycle @~start: Args: [ '-c', 'cross-env NODE_ENV=production node server.js' ]
12 silly lifecycle @~start: Returned: code: 1  signal: null
13 info lifecycle @~start: Failed to exec start script
14 verbose stack Error: @ start: `cross-env NODE_ENV=production node server.js`
14 verbose stack Exit status 1
14 verbose stack     at EventEmitter.<anonymous> (/usr/share/npm/lib/utils/lifecycle.js:232:16)
14 verbose stack     at emitTwo (events.js:126:13)
14 verbose stack     at EventEmitter.emit (events.js:214:7)
14 verbose stack     at ChildProcess.<anonymous> (/usr/share/npm/lib/utils/spawn.js:24:14)
14 verbose stack     at emitTwo (events.js:126:13)
14 verbose stack     at ChildProcess.emit (events.js:214:7)
14 verbose stack     at maybeClose (internal/child_process.js:925:16)
14 verbose stack     at Process.ChildProcess._handle.onexit (internal/child_process.js:209:5)
15 verbose pkgid @
16 verbose cwd /mnt/d/HealthIT/DSL/V2/template
17 error Linux 4.4.0-17134-Microsoft
18 error argv "/usr/bin/node" "/usr/bin/npm" "start"
19 error node v8.10.0
20 error npm  v3.5.2
21 error code ELIFECYCLE
22 error @ start: `cross-env NODE_ENV=production node server.js`
22 error Exit status 1
23 error Failed at the @ start script 'cross-env NODE_ENV=production node server.js'.
23 error Make sure you have the latest version of node.js and npm installed.
23 error If you do, this is most likely a problem with the  package,
23 error not with npm itself.
23 error Tell the author that this fails on your system:
23 error     cross-env NODE_ENV=production node server.js
23 error You can get information on how to open an issue for this project with:
23 error     npm bugs
23 error Or if that isn't available, you can get their info via:
23 error     npm owner ls
23 error There is likely additional logging output above.
24 verbose exit [ 1, true ]
